<?xml version="1.0" encoding="UTF-8"?>
<testsuite xmlns:xsi="http://www.w3.org/2001/XMLSchema-instance" xsi:noNamespaceSchemaLocation="https://maven.apache.org/surefire/maven-surefire-plugin/xsd/surefire-test-report-3.0.xsd" version="3.0" name="CurrencyConverterTest" time="0.115" tests="13" errors="0" skipped="0" failures="0">
  <properties>
[...]
</properties>
  <testcase name="testShortNameCurrency2NotFound" classname="CurrencyConverterTest" time="0.075"/>
  <testcase name="testValidAndInvalidAmounts" classname="CurrencyConverterTest" time="0.003"/>
  <testcase name="testInvalidCurrencyConversion" classname="CurrencyConverterTest" time="0.001"/>
  <testcase name="testCurrencyNameMatchCondition" classname="CurrencyConverterTest" time="0.001"/>
  <testcase name="testCurrencyConversionOutsideSpecifiedRange" classname="CurrencyConverterTest" time="0.001"/>
  <testcase name="testCurrencyConversionWithDifferentExchangeRates" classname="CurrencyConverterTest" time="0.001"/>
  <testcase name="testCurrencyConversionWithDifferentAmounts" classname="CurrencyConverterTest" time="0.0"/>
  <testcase name="testValidAndInvalidCurrencyCombination" classname="CurrencyConverterTest" time="0.001"/>
  <testcase name="testShortNameCurrency2Found" classname="CurrencyConverterTest" time="0.001"/>
  <testcase name="testCurrencyNotFoundInList" classname="CurrencyConverterTest" time="0.0"/>
  <testcase name="testCurrencyConversionWithinSpecifiedRange" classname="CurrencyConverterTest" time="0.001"/>
  <testcase name="testCurrencyConversionRounding" classname="CurrencyConverterTest" time="0.001"/>
  <testcase name="testValidCurrencyConversion" classname="CurrencyConverterTest" time="0.001"/>
</testsuite>